<?xml version="1.0" encoding="UTF-8"?>
<!-- Generated by org.testng.reporters.JUnitReportReporter -->
<testsuite hostname="wenli-fs" failures="0" tests="2" name="test.BasicDemo" time="0.051" errors="0" timestamp="2024-12-10T15:28:48 CET" skipped="0">
  <testcase classname="test.BasicDemo" name="welcomeMessageValidation" time="0.029">
    <system-out>
      <![CDATA[Expected Result = Auf Facebook bleibst du mit Menschen in Verbindung und teilst Fotos, Videos und vieles mehr mit ihnen.
Actual Result = Auf Facebook bleibst du mit Menschen in Verbindung und teilst Fotos, Videos und vieles mehr mit ihnen.]]>
    </system-out>
  </testcase> <!-- welcomeMessageValidation -->
  <testcase classname="test.BasicDemo" name="pageTitleValidation" time="0.022">
    <system-out>
      <![CDATA[Expected Result = Facebook – Anmelden oder Registrieren
Actual Result = Facebook – Anmelden oder Registrieren]]>
    </system-out>
  </testcase> <!-- pageTitleValidation -->
  <system-out>
    <![CDATA[Expected Result = Facebook – Anmelden oder Registrieren
Actual Result = Facebook – Anmelden oder Registrieren
Expected Result = Auf Facebook bleibst du mit Menschen in Verbindung und teilst Fotos, Videos und vieles mehr mit ihnen.
Actual Result = Auf Facebook bleibst du mit Menschen in Verbindung und teilst Fotos, Videos und vieles mehr mit ihnen.]]>
  </system-out>
</testsuite> <!-- test.BasicDemo -->
